
  You can now view your Streamlit app in your browser.

  Local URL: http://localhost:8501
  Network URL: http://192.168.43.148:8501

вљ пёЏ USING TESTNET (SANDBOX) MODE вљ пёЏ
вљ пёЏ USING TESTNET (SANDBOX) MODE вљ пёЏ
вљ пёЏ USING TESTNET (SANDBOX) MODE вљ пёЏ
Logic/Exchange error on fetch_balance: binance {"code":-2015,"msg":"Invalid API-key, IP, or permissions for action."}
вљ пёЏ USING TESTNET (SANDBOX) MODE вљ пёЏ
2026-01-16 17:34:30.405 Please replace `use_container_width` with `width`.

`use_container_width` will be removed after 2025-12-31.

For `use_container_width=True`, use `width='stretch'`. For `use_container_width=False`, use `width='content'`.
вљ пёЏ USING TESTNET (SANDBOX) MODE вљ пёЏ
вљ пёЏ USING TESTNET (SANDBOX) MODE вљ пёЏ
вљ пёЏ USING TESTNET (SANDBOX) MODE вљ пёЏ
вљ пёЏ USING TESTNET (SANDBOX) MODE вљ пёЏ
вљ пёЏ USING TESTNET (SANDBOX) MODE вљ пёЏ
вљ пёЏ USING TESTNET (SANDBOX) MODE вљ пёЏ
вљ пёЏ USING TESTNET (SANDBOX) MODE вљ пёЏ
вљ пёЏ USING TESTNET (SANDBOX) MODE вљ пёЏ
Logic/Exchange error on fetch_balance: binance {"code":-2015,"msg":"Invalid API-key, IP, or permissions for action."}
вљ пёЏ USING TESTNET (SANDBOX) MODE вљ пёЏ
2026-01-16 17:37:31.737 Please replace `use_container_width` with `width`.

`use_container_width` will be removed after 2025-12-31.

For `use_container_width=True`, use `width='stretch'`. For `use_container_width=False`, use `width='content'`.
вљ пёЏ USING TESTNET (SANDBOX) MODE вљ пёЏ
вљ пёЏ USING TESTNET (SANDBOX) MODE вљ пёЏ
вљ пёЏ USING TESTNET (SANDBOX) MODE вљ пёЏ
вљ пёЏ USING TESTNET (SANDBOX) MODE вљ пёЏ
вљ пёЏ USING TESTNET (SANDBOX) MODE вљ пёЏ
